<?xml version="1.0" encoding="UTF-8"?>
<!-- Generated by org.testng.reporters.JUnitXMLReporter -->
<testsuite hostname="NZWGTNLP47" failures="1" tests="1" name="Main" time="1811.963" errors="0" timestamp="10 Nov 2019 23:26:14 GMT">
  <testcase classname="com.planit.automation.library.DriverScript" name="@AfterTest sendReport" time="0.0">
    <failure type="java.lang.NullPointerException">
      <![CDATA[java.lang.NullPointerException
	at java.base/java.util.concurrent.ConcurrentHashMap.putVal(Unknown Source)
	at java.base/java.util.concurrent.ConcurrentHashMap.put(Unknown Source)
	at java.base/java.util.Properties.put(Unknown Source)
	at com.planit.automation.common.Common.sendEmail(Common.java:1214)
	at com.planit.automation.library.DriverScript.sendReport(DriverScript.java:195)
... Removed 22 stack frames]]>
    </failure>
  </testcase> <!-- @AfterTest sendReport -->
  <testcase classname="com.planit.automation.library.DriverScript" name="executescript" time="1800.02">
    <failure type="org.testng.internal.thread.ThreadTimeoutException" message="Method org.testng.internal.TestNGMethod.executescript() didn&amp;apos;t finish within the time-out 1800000">
      <![CDATA[org.testng.internal.thread.ThreadTimeoutException: Method org.testng.internal.TestNGMethod.executescript() didn't finish within the time-out 1800000
	at app//com.planit.automation.processor.TestScript.ReadTestSteps(TestScript.java:117)
	at app//com.planit.automation.processor.TestScript.<init>(Unknown Source)
	at app//com.planit.automation.library.DriverScript.executescript(DriverScript.java:109)
	at java.base@10.0.2/java.util.concurrent.Executors$RunnableAdapter.call(Unknown Source)
	at java.base@10.0.2/java.util.concurrent.FutureTask.run(Unknown Source)
	at java.base@10.0.2/java.util.concurrent.ThreadPoolExecutor.runWorker(Unknown Source)
	at java.base@10.0.2/java.util.concurrent.ThreadPoolExecutor$Worker.run(Unknown Source)
	at java.base@10.0.2/java.lang.Thread.run(Unknown Source)
... Removed 7 stack frames]]>
    </failure>
  </testcase> <!-- executescript -->
</testsuite> <!-- Main -->
